<?xml version="1.0" encoding="UTF-8"?>
<testsuite name="com.mycompany.MyretailappApplicationTests" tests="1" skipped="0" failures="0" errors="0" timestamp="2017-05-03T22:51:41" hostname="Basim-PC" time="0.029">
  <properties/>
  <testcase name="contextLoads" classname="com.mycompany.MyretailappApplicationTests" time="0.029"/>
  <system-out><![CDATA[17:51:38.943 [Test worker] DEBUG org.springframework.test.context.junit4.SpringJUnit4ClassRunner - SpringJUnit4ClassRunner constructor called with [class com.mycompany.MyretailappApplicationTests]
17:51:38.959 [Test worker] DEBUG org.springframework.test.context.BootstrapUtils - Instantiating CacheAwareContextLoaderDelegate from class [org.springframework.test.context.cache.DefaultCacheAwareContextLoaderDelegate]
17:51:38.959 [Test worker] DEBUG org.springframework.test.context.BootstrapUtils - Instantiating BootstrapContext using constructor [public org.springframework.test.context.support.DefaultBootstrapContext(java.lang.Class,org.springframework.test.context.CacheAwareContextLoaderDelegate)]
17:51:38.975 [Test worker] DEBUG org.springframework.test.context.BootstrapUtils - Instantiating TestContextBootstrapper for test class [com.mycompany.MyretailappApplicationTests] from class [org.springframework.boot.test.context.SpringBootTestContextBootstrapper]
17:51:38.991 [Test worker] INFO org.springframework.boot.test.context.SpringBootTestContextBootstrapper - Neither @ContextConfiguration nor @ContextHierarchy found for test class [com.mycompany.MyretailappApplicationTests], using SpringBootContextLoader
17:51:38.991 [Test worker] DEBUG org.springframework.test.context.support.AbstractContextLoader - Did not detect default resource location for test class [com.mycompany.MyretailappApplicationTests]: class path resource [com/mycompany/MyretailappApplicationTests-context.xml] does not exist
17:51:38.991 [Test worker] DEBUG org.springframework.test.context.support.AbstractContextLoader - Did not detect default resource location for test class [com.mycompany.MyretailappApplicationTests]: class path resource [com/mycompany/MyretailappApplicationTestsContext.groovy] does not exist
17:51:38.991 [Test worker] INFO org.springframework.test.context.support.AbstractContextLoader - Could not detect default resource locations for test class [com.mycompany.MyretailappApplicationTests]: no resource found for suffixes {-context.xml, Context.groovy}.
17:51:38.991 [Test worker] INFO org.springframework.test.context.support.AnnotationConfigContextLoaderUtils - Could not detect default configuration classes for test class [com.mycompany.MyretailappApplicationTests]: MyretailappApplicationTests does not declare any static, non-private, non-final, nested classes annotated with @Configuration.
17:51:39.031 [Test worker] DEBUG org.springframework.test.context.support.ActiveProfilesUtils - Could not find an 'annotation declaring class' for annotation type [org.springframework.test.context.ActiveProfiles] and class [com.mycompany.MyretailappApplicationTests]
17:51:39.046 [Test worker] DEBUG org.springframework.core.env.StandardEnvironment - Adding [systemProperties] PropertySource with lowest search precedence
17:51:39.046 [Test worker] DEBUG org.springframework.core.env.StandardEnvironment - Adding [systemEnvironment] PropertySource with lowest search precedence
17:51:39.046 [Test worker] DEBUG org.springframework.core.env.StandardEnvironment - Initialized StandardEnvironment with PropertySources [systemProperties,systemEnvironment]
17:51:39.054 [Test worker] DEBUG org.springframework.core.io.support.PathMatchingResourcePatternResolver - Resolved classpath location [com/mycompany/] to resources [URL [file:/C:/Users/Basim/myretailapp/build/classes/test/com/mycompany/], URL [file:/C:/Users/Basim/myretailapp/build/classes/main/com/mycompany/]]
17:51:39.054 [Test worker] DEBUG org.springframework.core.io.support.PathMatchingResourcePatternResolver - Looking for matching resources in directory tree [C:\Users\Basim\myretailapp\build\classes\test\com\mycompany]
17:51:39.056 [Test worker] DEBUG org.springframework.core.io.support.PathMatchingResourcePatternResolver - Searching directory [C:\Users\Basim\myretailapp\build\classes\test\com\mycompany] for files matching pattern [C:/Users/Basim/myretailapp/build/classes/test/com/mycompany/*.class]
17:51:39.058 [Test worker] DEBUG org.springframework.core.io.support.PathMatchingResourcePatternResolver - Looking for matching resources in directory tree [C:\Users\Basim\myretailapp\build\classes\main\com\mycompany]
17:51:39.058 [Test worker] DEBUG org.springframework.core.io.support.PathMatchingResourcePatternResolver - Searching directory [C:\Users\Basim\myretailapp\build\classes\main\com\mycompany] for files matching pattern [C:/Users/Basim/myretailapp/build/classes/main/com/mycompany/*.class]
17:51:39.059 [Test worker] DEBUG org.springframework.core.io.support.PathMatchingResourcePatternResolver - Resolved location pattern [classpath*:com/mycompany/*.class] to resources [file [C:\Users\Basim\myretailapp\build\classes\test\com\mycompany\MyretailappApplicationTests.class], file [C:\Users\Basim\myretailapp\build\classes\main\com\mycompany\MyRetailApplication.class]]
17:51:39.098 [Test worker] DEBUG org.springframework.context.annotation.ClassPathScanningCandidateComponentProvider - Identified candidate component class: file [C:\Users\Basim\myretailapp\build\classes\main\com\mycompany\MyRetailApplication.class]
17:51:39.099 [Test worker] INFO org.springframework.boot.test.context.SpringBootTestContextBootstrapper - Found @SpringBootConfiguration com.mycompany.MyRetailApplication for test class com.mycompany.MyretailappApplicationTests
17:51:39.103 [Test worker] DEBUG org.springframework.boot.test.context.SpringBootTestContextBootstrapper - @TestExecutionListeners is not present for class [com.mycompany.MyretailappApplicationTests]: using defaults.
17:51:39.108 [Test worker] INFO org.springframework.boot.test.context.SpringBootTestContextBootstrapper - Loaded default TestExecutionListener class names from location [META-INF/spring.factories]: [org.springframework.boot.test.mock.mockito.MockitoTestExecutionListener, org.springframework.boot.test.mock.mockito.ResetMocksTestExecutionListener, org.springframework.boot.test.autoconfigure.restdocs.RestDocsTestExecutionListener, org.springframework.boot.test.autoconfigure.web.client.MockRestServiceServerResetTestExecutionListener, org.springframework.boot.test.autoconfigure.web.servlet.MockMvcPrintOnlyOnFailureTestExecutionListener, org.springframework.boot.test.autoconfigure.web.servlet.WebDriverTestExecutionListener, org.springframework.test.context.web.ServletTestExecutionListener, org.springframework.test.context.support.DirtiesContextBeforeModesTestExecutionListener, org.springframework.test.context.support.DependencyInjectionTestExecutionListener, org.springframework.test.context.support.DirtiesContextTestExecutionListener, org.springframework.test.context.transaction.TransactionalTestExecutionListener, org.springframework.test.context.jdbc.SqlScriptsTestExecutionListener]
17:51:39.124 [Test worker] INFO org.springframework.boot.test.context.SpringBootTestContextBootstrapper - Using TestExecutionListeners: [org.springframework.test.context.web.ServletTestExecutionListener@13c2a920, org.springframework.test.context.support.DirtiesContextBeforeModesTestExecutionListener@73612626, org.springframework.boot.test.autoconfigure.SpringBootDependencyInjectionTestExecutionListener@1e35a545, org.springframework.test.context.support.DirtiesContextTestExecutionListener@46455e53, org.springframework.test.context.transaction.TransactionalTestExecutionListener@40c86412, org.springframework.test.context.jdbc.SqlScriptsTestExecutionListener@3ae23a3b, org.springframework.boot.test.mock.mockito.MockitoTestExecutionListener@9cebfaf, org.springframework.boot.test.mock.mockito.ResetMocksTestExecutionListener@6595df03, org.springframework.boot.test.autoconfigure.web.servlet.WebDriverTestExecutionListener@66fecf57, org.springframework.boot.test.autoconfigure.restdocs.RestDocsTestExecutionListener@4d660251, org.springframework.boot.test.autoconfigure.web.servlet.MockMvcPrintOnlyOnFailureTestExecutionListener@31a9ff95, org.springframework.boot.test.autoconfigure.web.client.MockRestServiceServerResetTestExecutionListener@7a0f4364]
17:51:39.126 [Test worker] DEBUG org.springframework.test.annotation.ProfileValueUtils - Retrieved @ProfileValueSourceConfiguration [null] for test class [com.mycompany.MyretailappApplicationTests]
17:51:39.126 [Test worker] DEBUG org.springframework.test.annotation.ProfileValueUtils - Retrieved ProfileValueSource type [class org.springframework.test.annotation.SystemProfileValueSource] for class [com.mycompany.MyretailappApplicationTests]
17:51:39.127 [Test worker] DEBUG org.springframework.test.annotation.ProfileValueUtils - Retrieved @ProfileValueSourceConfiguration [null] for test class [com.mycompany.MyretailappApplicationTests]
17:51:39.127 [Test worker] DEBUG org.springframework.test.annotation.ProfileValueUtils - Retrieved ProfileValueSource type [class org.springframework.test.annotation.SystemProfileValueSource] for class [com.mycompany.MyretailappApplicationTests]
17:51:39.131 [Test worker] DEBUG org.springframework.test.context.support.AbstractDirtiesContextTestExecutionListener - Before test class: context [DefaultTestContext@14180f50 testClass = MyretailappApplicationTests, testInstance = [null], testMethod = [null], testException = [null], mergedContextConfiguration = [WebMergedContextConfiguration@1bc7cc6b testClass = MyretailappApplicationTests, locations = '{}', classes = '{class com.mycompany.MyRetailApplication}', contextInitializerClasses = '[]', activeProfiles = '{}', propertySourceLocations = '{}', propertySourceProperties = '{org.springframework.boot.test.context.SpringBootTestContextBootstrapper=true}', contextCustomizers = set[org.springframework.boot.test.context.SpringBootTestContextCustomizer@1e4ae283, org.springframework.boot.test.context.filter.ExcludeFilterContextCustomizer@2393b31b, org.springframework.boot.test.mock.mockito.MockitoContextCustomizer@0, org.springframework.boot.test.autoconfigure.properties.PropertyMappingContextCustomizer@0, org.springframework.boot.test.autoconfigure.web.servlet.WebDriverContextCustomizerFactory$Customizer@5875da36], resourceBasePath = 'src/main/webapp', contextLoader = 'org.springframework.boot.test.context.SpringBootContextLoader', parent = [null]]], class annotated with @DirtiesContext [false] with mode [null].
17:51:39.132 [Test worker] DEBUG org.springframework.test.annotation.ProfileValueUtils - Retrieved @ProfileValueSourceConfiguration [null] for test class [com.mycompany.MyretailappApplicationTests]
17:51:39.132 [Test worker] DEBUG org.springframework.test.annotation.ProfileValueUtils - Retrieved ProfileValueSource type [class org.springframework.test.annotation.SystemProfileValueSource] for class [com.mycompany.MyretailappApplicationTests]
17:51:39.191 [Test worker] DEBUG org.springframework.core.env.StandardEnvironment - Adding [systemProperties] PropertySource with lowest search precedence
17:51:39.191 [Test worker] DEBUG org.springframework.core.env.StandardEnvironment - Adding [systemEnvironment] PropertySource with lowest search precedence
17:51:39.192 [Test worker] DEBUG org.springframework.core.env.StandardEnvironment - Initialized StandardEnvironment with PropertySources [systemProperties,systemEnvironment]
17:51:39.193 [Test worker] DEBUG org.springframework.core.env.MutablePropertySources - Adding [inline] PropertySource with highest search precedence
17:51:39.197 [Test worker] DEBUG org.springframework.test.context.support.TestPropertySourceUtils - Adding inlined properties to environment: {spring.jmx.enabled=false, org.springframework.boot.test.context.SpringBootTestContextBootstrapper=true, server.port=-1}
17:51:39.199 [Test worker] DEBUG org.springframework.core.env.StandardEnvironment - Adding [Inlined Test Properties] PropertySource with highest search precedence

  .   ____          _            __ _ _
 /\\ / ___'_ __ _ _(_)_ __  __ _ \ \ \ \
( ( )\___ | '_ | '_| | '_ \/ _` | \ \ \ \
 \\/  ___)| |_)| | | | | || (_| |  ) ) ) )
  '  |____| .__|_| |_|_| |_\__, | / / / /
 =========|_|==============|___/=/_/_/_/
 :: Spring Boot ::        (v1.5.3.RELEASE)

2017-05-03 17:51:39.441  INFO 6028 --- [    Test worker] c.mycompany.MyretailappApplicationTests  : Starting MyretailappApplicationTests on Basim-PC with PID 6028 (started by Basim in C:\Users\Basim\myretailapp)
2017-05-03 17:51:39.442  INFO 6028 --- [    Test worker] c.mycompany.MyretailappApplicationTests  : No active profile set, falling back to default profiles: default
2017-05-03 17:51:39.460  INFO 6028 --- [    Test worker] o.s.w.c.s.GenericWebApplicationContext   : Refreshing org.springframework.web.context.support.GenericWebApplicationContext@39f91fdc: startup date [Wed May 03 17:51:39 CDT 2017]; root of context hierarchy
2017-05-03 17:51:41.065  INFO 6028 --- [    Test worker] s.w.s.m.m.a.RequestMappingHandlerAdapter : Looking for @ControllerAdvice: org.springframework.web.context.support.GenericWebApplicationContext@39f91fdc: startup date [Wed May 03 17:51:39 CDT 2017]; root of context hierarchy
2017-05-03 17:51:41.131  INFO 6028 --- [    Test worker] s.w.s.m.m.a.RequestMappingHandlerMapping : Mapped "{[/products/{id}],methods=[GET],produces=[application/json]}" onto public org.springframework.http.ResponseEntity<com.mycompany.model.Product> com.mycompany.controller.MyRetailController.getProductById(long)
2017-05-03 17:51:41.135  INFO 6028 --- [    Test worker] s.w.s.m.m.a.RequestMappingHandlerMapping : Mapped "{[/error]}" onto public org.springframework.http.ResponseEntity<java.util.Map<java.lang.String, java.lang.Object>> org.springframework.boot.autoconfigure.web.BasicErrorController.error(javax.servlet.http.HttpServletRequest)
2017-05-03 17:51:41.135  INFO 6028 --- [    Test worker] s.w.s.m.m.a.RequestMappingHandlerMapping : Mapped "{[/error],produces=[text/html]}" onto public org.springframework.web.servlet.ModelAndView org.springframework.boot.autoconfigure.web.BasicErrorController.errorHtml(javax.servlet.http.HttpServletRequest,javax.servlet.http.HttpServletResponse)
2017-05-03 17:51:41.168  INFO 6028 --- [    Test worker] o.s.w.s.handler.SimpleUrlHandlerMapping  : Mapped URL path [/webjars/**] onto handler of type [class org.springframework.web.servlet.resource.ResourceHttpRequestHandler]
2017-05-03 17:51:41.169  INFO 6028 --- [    Test worker] o.s.w.s.handler.SimpleUrlHandlerMapping  : Mapped URL path [/**] onto handler of type [class org.springframework.web.servlet.resource.ResourceHttpRequestHandler]
2017-05-03 17:51:41.206  INFO 6028 --- [    Test worker] o.s.w.s.handler.SimpleUrlHandlerMapping  : Mapped URL path [/**/favicon.ico] onto handler of type [class org.springframework.web.servlet.resource.ResourceHttpRequestHandler]
2017-05-03 17:51:41.644  INFO 6028 --- [    Test worker] org.mongodb.driver.cluster               : Cluster created with settings {hosts=[localhost:27017], mode=SINGLE, requiredClusterType=UNKNOWN, serverSelectionTimeout='30000 ms', maxWaitQueueSize=500}
2017-05-03 17:51:41.947  INFO 6028 --- [    Test worker] c.mycompany.MyretailappApplicationTests  : Started MyretailappApplicationTests in 2.746 seconds (JVM running for 3.513)
]]></system-out>
  <system-err><![CDATA[]]></system-err>
</testsuite>
